<?xml version="1.0" encoding="UTF-8"?>
<!-- Generated by org.testng.reporters.JUnitXMLReporter -->
<testsuite hostname="DESKTOP-70LASCE" ignored="0" name="Test" tests="4" failures="0" timestamp="2021-02-20T19:41:50 IST" time="28.834" errors="0">
  <testcase name="@BeforeTest setup" time="28.564" classname="in.amazon.test.Base">
    <failure type="java.lang.IllegalStateException" message="The path to the driver executable must be set by the webdriver.chrome.driver system property; for more information, see https://github.com/SeleniumHQ/selenium/wiki/ChromeDriver. The latest version can be downloaded from http://chromedriver.storage.googleapis.com/index.html">
      <![CDATA[java.lang.IllegalStateException: The path to the driver executable must be set by the webdriver.chrome.driver system property; for more information, see https://github.com/SeleniumHQ/selenium/wiki/ChromeDriver. The latest version can be downloaded from http://chromedriver.storage.googleapis.com/index.html
at com.google.common.base.Preconditions.checkState(Preconditions.java:847)
at org.openqa.selenium.remote.service.DriverService.findExecutable(DriverService.java:134)
at org.openqa.selenium.chrome.ChromeDriverService.access$000(ChromeDriverService.java:35)
at org.openqa.selenium.chrome.ChromeDriverService$Builder.findDefaultExecutable(ChromeDriverService.java:159)
at org.openqa.selenium.remote.service.DriverService$Builder.build(DriverService.java:355)
at org.openqa.selenium.chrome.ChromeDriverService.createDefaultService(ChromeDriverService.java:94)
at org.openqa.selenium.chrome.ChromeDriver.<init>(ChromeDriver.java:123)
at in.amazon.test.Base.setup(Base.java:69)
... Removed 28 stack frames]]>
    </failure>
  </testcase> <!-- @BeforeTest setup -->
  <testcase name="@AfterMethod screenshotReport" time="-1.61383031067E9" classname="in.amazon.test.Base">
    <skipped/>
  </testcase> <!-- @AfterMethod screenshotReport -->
  <testcase name="@AfterMethod screenshotReport" time="-1.613830310674E9" classname="in.amazon.test.Base">
    <skipped/>
  </testcase> <!-- @AfterMethod screenshotReport -->
  <testcase name="@AfterMethod screenshotReport" time="-1.613830310677E9" classname="in.amazon.test.Base">
    <skipped/>
  </testcase> <!-- @AfterMethod screenshotReport -->
  <testcase name="@AfterMethod screenshotReport" time="-1.613830310679E9" classname="in.amazon.test.Base">
    <skipped/>
  </testcase> <!-- @AfterMethod screenshotReport -->
  <testcase name="@AfterTest tearDown" time="-1.613830310683E9" classname="in.amazon.test.Base">
    <skipped/>
  </testcase> <!-- @AfterTest tearDown -->
  <testcase name="amazonLogoValidation" time="0.0" classname="in.amazon.test.SignIn">
    <skipped/>
  </testcase> <!-- amazonLogoValidation -->
  <testcase name="amazonTitleValidation" time="0.0" classname="in.amazon.test.SignIn">
    <skipped/>
  </testcase> <!-- amazonTitleValidation -->
  <testcase name="informationLabelValidation" time="0.0" classname="in.amazon.test.SignIn">
    <skipped/>
  </testcase> <!-- informationLabelValidation -->
  <testcase name="textEmailAndButtonContinueValidation" time="0.0" classname="in.amazon.test.SignIn">
    <skipped/>
  </testcase> <!-- textEmailAndButtonContinueValidation -->
</testsuite> <!-- Test -->
